<?xml version="1.0" encoding="UTF-8"?>
<testsuite name="CalculadorCombustibleTest" tests="1" skipped="0" failures="0" errors="0" timestamp="2024-05-23T14:32:38" hostname="DESKTOP-F5B6TD9" time="0.415">
  <properties/>
  <testcase name="testCalcularCombustibleIgualA15000()" classname="CalculadorCombustibleTest" time="0.415"/>
  <system-out><![CDATA[]]></system-out>
  <system-err><![CDATA[]]></system-err>
</testsuite>
